<?xml version="1.0" encoding="UTF-8" ?>
<testsuite skipped="0" name="jhotdrawapp.AppTest" failures="0" errors="0" tests="1" time="0.019">
  <properties>
    <property name="java.vm.version" value="25.0-b09"/>
    <property name="sun.cpu.isalist" value="amd64"/>
    <property name="java.class.version" value="52.0"/>
    <property name="maven.ext.class.path" value="C:\Program Files\NetBeans 8.0\java\maven-nblib\netbeans-eventspy.jar"/>
    <property name="java.vm.specification.vendor" value="Oracle Corporation"/>
    <property name="test" value="jhotdrawapp.AppTest"/>
    <property name="java.version" value="1.8.0-ea"/>
    <property name="user.timezone" value="Asia/Bangkok"/>
    <property name="java.endorsed.dirs" value="C:\Program Files\Java\jdk1.8.0\jre\lib\endorsed"/>
    <property name="sun.cpu.endian" value="little"/>
    <property name="java.io.tmpdir" value="C:\Users\YOGAYU~1\AppData\Local\Temp\"/>
    <property name="user.dir" value="E:\lat java\jhotdraw"/>
    <property name="os.name" value="Windows 8"/>
    <property name="java.ext.dirs" value="C:\Program Files\Java\jdk1.8.0\jre\lib\ext;C:\WINDOWS\Sun\Java\lib\ext"/>
    <property name="java.runtime.name" value="Java(TM) SE Runtime Environment"/>
    <property name="java.vm.info" value="mixed mode"/>
    <property name="netbeansProjectMappings" value=""/>
    <property name="user.script" value=""/>
    <property name="sun.os.patch.level" value=""/>
    <property name="sun.desktop" value="windows"/>
    <property name="java.awt.graphicsenv" value="sun.awt.Win32GraphicsEnvironment"/>
    <property name="os.arch" value="amd64"/>
    <property name="file.separator" value="\"/>
    <property name="java.class.path" value="C:\Program Files\NetBeans 8.0\java\maven\boot\plexus-classworlds-2.4.jar"/>
    <property name="java.vm.specification.version" value="1.8"/>
    <property name="java.vendor" value="Oracle Corporation"/>
    <property name="line.separator" value="
"/>
    <property name="java.vendor.url.bug" value="http://bugreport.sun.com/bugreport/"/>
    <property name="sun.boot.library.path" value="C:\Program Files\Java\jdk1.8.0\jre\bin"/>
    <property name="java.awt.printerjob" value="sun.awt.windows.WPrinterJob"/>
    <property name="java.library.path" value="C:\Program Files\Java\jdk1.8.0\bin;C:\WINDOWS\Sun\Java\bin;C:\WINDOWS\system32;C:\WINDOWS;C:\WINDOWS\system32;C:\WINDOWS;C:\WINDOWS\System32\Wbem;C:\Program Files (x86)\NVIDIA Corporation\PhysX\Common;E:\oracle\product\10.2.0\db_1\bin;C:\WINDOWS\system32;C:\WINDOWS;C:\WINDOWS\System32\Wbem;C:\WINDOWS\System32\WindowsPowerShell\v1.0\;C:\sonar\sonar-runner-2.3\bin;C:\Program Files\NetBeans 8.0\java\maven\bin;C:\Program Files\Java\jdk1.8.0\\bin;C:\Program Files (x86)\Git\cmd;;.;;.;;."/>
    <property name="maven.home" value="C:\Program Files\NetBeans 8.0\java\maven"/>
    <property name="sun.boot.class.path" value="C:\Program Files\Java\jdk1.8.0\jre\lib\resources.jar;C:\Program Files\Java\jdk1.8.0\jre\lib\rt.jar;C:\Program Files\Java\jdk1.8.0\jre\lib\sunrsasign.jar;C:\Program Files\Java\jdk1.8.0\jre\lib\jsse.jar;C:\Program Files\Java\jdk1.8.0\jre\lib\jce.jar;C:\Program Files\Java\jdk1.8.0\jre\lib\charsets.jar;C:\Program Files\Java\jdk1.8.0\jre\lib\jfr.jar;C:\Program Files\Java\jdk1.8.0\jre\classes"/>
    <property name="file.encoding.pkg" value="sun.io"/>
    <property name="user.name" value="Yogayustiawan"/>
    <property name="sun.java.command" value="org.codehaus.plexus.classworlds.launcher.Launcher -Dtest=jhotdrawapp.AppTest -DnetbeansProjectMappings= -Dmaven.ext.class.path=C:\Program Files\NetBeans 8.0\java\maven-nblib\netbeans-eventspy.jar -Dfile.encoding=UTF-8 surefire:test"/>
    <property name="user.language" value="en"/>
    <property name="java.specification.name" value="Java Platform API Specification"/>
    <property name="sun.java.launcher" value="SUN_STANDARD"/>
    <property name="sun.io.unicode.encoding" value="UnicodeLittle"/>
    <property name="user.country" value="US"/>
    <property name="sun.management.compiler" value="HotSpot 64-Bit Tiered Compilers"/>
    <property name="os.version" value="6.2"/>
    <property name="classworlds.conf" value="C:\Program Files\NetBeans 8.0\java\maven\bin\m2.conf"/>
    <property name="java.vendor.url" value="http://java.oracle.com/"/>
    <property name="java.runtime.version" value="1.8.0-ea-b65"/>
    <property name="awt.toolkit" value="sun.awt.windows.WToolkit"/>
    <property name="java.vm.specification.name" value="Java Virtual Machine Specification"/>
    <property name="java.specification.vendor" value="Oracle Corporation"/>
    <property name="file.encoding" value="UTF-8"/>
    <property name="java.specification.version" value="1.8"/>
    <property name="user.variant" value=""/>
    <property name="sun.jnu.encoding" value="Cp1252"/>
    <property name="java.home" value="C:\Program Files\Java\jdk1.8.0\jre"/>
    <property name="guice.disable.misplaced.annotation.check" value="true"/>
    <property name="path.separator" value=";"/>
    <property name="java.vm.vendor" value="Oracle Corporation"/>
    <property name="user.home" value="C:\Users\Yogayustiawan"/>
    <property name="java.vm.name" value="Java HotSpot(TM) 64-Bit Server VM"/>
    <property name="sun.arch.data.model" value="64"/>
  </properties>
  <testcase name="testApp" classname="jhotdrawapp.AppTest" time="0.001"/>
</testsuite>